<?xml version="1.0" encoding="UTF-8"?>
<!-- Generated by org.testng.reporters.JUnitXMLReporter -->
<testsuite ignored="0" hostname="JYOTI" failures="0" tests="6" name="Test2" time="160.115" errors="0" timestamp="2024-07-11T11:40:41 IST">
  <testcase classname="TestNgBikes_BatchExecution.Honda" name="honda" time="20.205"/>
  <testcase classname="TestNgShoes_BatchExecution.Addidas" name="addidas" time="20.915"/>
  <testcase classname="TestNgBikes_BatchExecution.KTM" name="ktm" time="30.092"/>
  <testcase classname="TestNgBikes_BatchExecution.Tvs" name="tvs" time="33.717"/>
  <testcase classname="TestNgShoes_BatchExecution.Nike" name="nike" time="29.047"/>
  <testcase classname="TestNgShoes_BatchExecution.RadTape" name="radtap" time="26.102"/>
</testsuite> <!-- Test2 -->
