<?xml version="1.0" encoding="UTF-8"?>
<!-- Generated by org.testng.reporters.JUnitXMLReporter -->
<testsuite ignored="0" hostname="JYOTI" failures="0" tests="6" name="Test1" time="77.095" errors="0" timestamp="2024-07-11T11:38:01 IST">
  <testcase classname="TestNgBikes_BatchExecution.Honda" name="honda" time="12.947"/>
  <testcase classname="TestNgShoes_BatchExecution.Addidas" name="addidas" time="14.074"/>
  <testcase classname="TestNgBikes_BatchExecution.KTM" name="ktm" time="4.622"/>
  <testcase classname="TestNgBikes_BatchExecution.Tvs" name="tvs" time="11.546"/>
  <testcase classname="TestNgShoes_BatchExecution.Nike" name="nike" time="18.909"/>
  <testcase classname="TestNgShoes_BatchExecution.RadTape" name="radtap" time="14.866"/>
</testsuite> <!-- Test1 -->
