<?xml version="1.0" encoding="UTF-8"?>
<testng-results ignored="0" total="1" passed="1" failed="0" skipped="0">
  <reporter-output>
  </reporter-output>
  <suite started-at="2024-07-30T14:30:16 IST" name="Default suite" finished-at="2024-07-30T14:30:43 IST" duration-ms="26849">
    <groups>
    </groups>
    <test started-at="2024-07-30T14:30:16 IST" name="Default test" finished-at="2024-07-30T14:30:43 IST" duration-ms="26849">
      <class name="Extent_Report.LoginFuntionWithCorrectCredential">
        <test-method signature="CorrectCredential()[pri:0, instance:Extent_Report.LoginFuntionWithCorrectCredential@229c6181]" started-at="2024-07-30T14:30:16 IST" name="CorrectCredential" finished-at="2024-07-30T14:30:43 IST" duration-ms="26782" status="PASS">
          <reporter-output>
          </reporter-output>
        </test-method> <!-- CorrectCredential -->
      </class> <!-- Extent_Report.LoginFuntionWithCorrectCredential -->
    </test> <!-- Default test -->
  </suite> <!-- Default suite -->
</testng-results>
